<?xml version="1.0" encoding="UTF-8"?>
<testsuite xmlns:xsi="http://www.w3.org/2001/XMLSchema-instance" xsi:noNamespaceSchemaLocation="https://maven.apache.org/surefire/maven-surefire-plugin/xsd/surefire-test-report.xsd" name="com.hxc.springboot03.Springboot03ApplicationTests" time="3.051" tests="1" errors="0" skipped="0" failures="0">
  <properties>
    <property name="java.specification.version" value="13"/>
    <property name="sun.cpu.isalist" value="amd64"/>
    <property name="sun.jnu.encoding" value="GBK"/>
    <property name="java.class.path" value="E:\Idea\workplace\springboot03\target\test-classes;E:\Idea\workplace\springboot03\target\classes;E:\Maven\LocalWarehouse\org\springframework\boot\spring-boot-starter-web\2.4.3\spring-boot-starter-web-2.4.3.jar;E:\Maven\LocalWarehouse\org\springframework\boot\spring-boot-starter\2.4.3\spring-boot-starter-2.4.3.jar;E:\Maven\LocalWarehouse\org\springframework\boot\spring-boot-starter-logging\2.4.3\spring-boot-starter-logging-2.4.3.jar;E:\Maven\LocalWarehouse\ch\qos\logback\logback-classic\1.2.3\logback-classic-1.2.3.jar;E:\Maven\LocalWarehouse\ch\qos\logback\logback-core\1.2.3\logback-core-1.2.3.jar;E:\Maven\LocalWarehouse\org\apache\logging\log4j\log4j-to-slf4j\2.13.3\log4j-to-slf4j-2.13.3.jar;E:\Maven\LocalWarehouse\org\apache\logging\log4j\log4j-api\2.13.3\log4j-api-2.13.3.jar;E:\Maven\LocalWarehouse\org\slf4j\jul-to-slf4j\1.7.30\jul-to-slf4j-1.7.30.jar;E:\Maven\LocalWarehouse\jakarta\annotation\jakarta.annotation-api\1.3.5\jakarta.annotation-api-1.3.5.jar;E:\Maven\LocalWarehouse\org\yaml\snakeyaml\1.27\snakeyaml-1.27.jar;E:\Maven\LocalWarehouse\org\springframework\boot\spring-boot-starter-json\2.4.3\spring-boot-starter-json-2.4.3.jar;E:\Maven\LocalWarehouse\com\fasterxml\jackson\core\jackson-databind\2.11.4\jackson-databind-2.11.4.jar;E:\Maven\LocalWarehouse\com\fasterxml\jackson\core\jackson-annotations\2.11.4\jackson-annotations-2.11.4.jar;E:\Maven\LocalWarehouse\com\fasterxml\jackson\core\jackson-core\2.11.4\jackson-core-2.11.4.jar;E:\Maven\LocalWarehouse\com\fasterxml\jackson\datatype\jackson-datatype-jdk8\2.11.4\jackson-datatype-jdk8-2.11.4.jar;E:\Maven\LocalWarehouse\com\fasterxml\jackson\datatype\jackson-datatype-jsr310\2.11.4\jackson-datatype-jsr310-2.11.4.jar;E:\Maven\LocalWarehouse\com\fasterxml\jackson\module\jackson-module-parameter-names\2.11.4\jackson-module-parameter-names-2.11.4.jar;E:\Maven\LocalWarehouse\org\springframework\boot\spring-boot-starter-tomcat\2.4.3\spring-boot-starter-tomcat-2.4.3.jar;E:\Maven\LocalWarehouse\org\apache\tomcat\embed\tomcat-embed-core\9.0.43\tomcat-embed-core-9.0.43.jar;E:\Maven\LocalWarehouse\org\glassfish\jakarta.el\3.0.3\jakarta.el-3.0.3.jar;E:\Maven\LocalWarehouse\org\apache\tomcat\embed\tomcat-embed-websocket\9.0.43\tomcat-embed-websocket-9.0.43.jar;E:\Maven\LocalWarehouse\org\springframework\spring-web\5.3.4\spring-web-5.3.4.jar;E:\Maven\LocalWarehouse\org\springframework\spring-beans\5.3.4\spring-beans-5.3.4.jar;E:\Maven\LocalWarehouse\org\springframework\spring-webmvc\5.3.4\spring-webmvc-5.3.4.jar;E:\Maven\LocalWarehouse\org\springframework\spring-aop\5.3.4\spring-aop-5.3.4.jar;E:\Maven\LocalWarehouse\org\springframework\spring-context\5.3.4\spring-context-5.3.4.jar;E:\Maven\LocalWarehouse\org\springframework\spring-expression\5.3.4\spring-expression-5.3.4.jar;E:\Maven\LocalWarehouse\org\springframework\boot\spring-boot-devtools\2.4.3\spring-boot-devtools-2.4.3.jar;E:\Maven\LocalWarehouse\org\springframework\boot\spring-boot\2.4.3\spring-boot-2.4.3.jar;E:\Maven\LocalWarehouse\org\springframework\boot\spring-boot-autoconfigure\2.4.3\spring-boot-autoconfigure-2.4.3.jar;E:\Maven\LocalWarehouse\org\springframework\boot\spring-boot-configuration-processor\2.4.3\spring-boot-configuration-processor-2.4.3.jar;E:\Maven\LocalWarehouse\org\projectlombok\lombok\1.18.18\lombok-1.18.18.jar;E:\Maven\LocalWarehouse\org\springframework\boot\spring-boot-starter-test\2.4.3\spring-boot-starter-test-2.4.3.jar;E:\Maven\LocalWarehouse\org\springframework\boot\spring-boot-test\2.4.3\spring-boot-test-2.4.3.jar;E:\Maven\LocalWarehouse\org\springframework\boot\spring-boot-test-autoconfigure\2.4.3\spring-boot-test-autoconfigure-2.4.3.jar;E:\Maven\LocalWarehouse\com\jayway\jsonpath\json-path\2.4.0\json-path-2.4.0.jar;E:\Maven\LocalWarehouse\net\minidev\json-smart\2.3\json-smart-2.3.jar;E:\Maven\LocalWarehouse\net\minidev\accessors-smart\1.2\accessors-smart-1.2.jar;E:\Maven\LocalWarehouse\org\ow2\asm\asm\5.0.4\asm-5.0.4.jar;E:\Maven\LocalWarehouse\org\slf4j\slf4j-api\1.7.30\slf4j-api-1.7.30.jar;E:\Maven\LocalWarehouse\jakarta\xml\bind\jakarta.xml.bind-api\2.3.3\jakarta.xml.bind-api-2.3.3.jar;E:\Maven\LocalWarehouse\jakarta\activation\jakarta.activation-api\1.2.2\jakarta.activation-api-1.2.2.jar;E:\Maven\LocalWarehouse\org\assertj\assertj-core\3.18.1\assertj-core-3.18.1.jar;E:\Maven\LocalWarehouse\org\hamcrest\hamcrest\2.2\hamcrest-2.2.jar;E:\Maven\LocalWarehouse\org\junit\jupiter\junit-jupiter\5.7.1\junit-jupiter-5.7.1.jar;E:\Maven\LocalWarehouse\org\junit\jupiter\junit-jupiter-api\5.7.1\junit-jupiter-api-5.7.1.jar;E:\Maven\LocalWarehouse\org\apiguardian\apiguardian-api\1.1.0\apiguardian-api-1.1.0.jar;E:\Maven\LocalWarehouse\org\opentest4j\opentest4j\1.2.0\opentest4j-1.2.0.jar;E:\Maven\LocalWarehouse\org\junit\platform\junit-platform-commons\1.7.1\junit-platform-commons-1.7.1.jar;E:\Maven\LocalWarehouse\org\junit\jupiter\junit-jupiter-params\5.7.1\junit-jupiter-params-5.7.1.jar;E:\Maven\LocalWarehouse\org\junit\jupiter\junit-jupiter-engine\5.7.1\junit-jupiter-engine-5.7.1.jar;E:\Maven\LocalWarehouse\org\junit\platform\junit-platform-engine\1.7.1\junit-platform-engine-1.7.1.jar;E:\Maven\LocalWarehouse\org\mockito\mockito-core\3.6.28\mockito-core-3.6.28.jar;E:\Maven\LocalWarehouse\net\bytebuddy\byte-buddy\1.10.20\byte-buddy-1.10.20.jar;E:\Maven\LocalWarehouse\net\bytebuddy\byte-buddy-agent\1.10.20\byte-buddy-agent-1.10.20.jar;E:\Maven\LocalWarehouse\org\objenesis\objenesis\3.1\objenesis-3.1.jar;E:\Maven\LocalWarehouse\org\mockito\mockito-junit-jupiter\3.6.28\mockito-junit-jupiter-3.6.28.jar;E:\Maven\LocalWarehouse\org\skyscreamer\jsonassert\1.5.0\jsonassert-1.5.0.jar;E:\Maven\LocalWarehouse\com\vaadin\external\google\android-json\0.0.20131108.vaadin1\android-json-0.0.20131108.vaadin1.jar;E:\Maven\LocalWarehouse\org\springframework\spring-core\5.3.4\spring-core-5.3.4.jar;E:\Maven\LocalWarehouse\org\springframework\spring-jcl\5.3.4\spring-jcl-5.3.4.jar;E:\Maven\LocalWarehouse\org\springframework\spring-test\5.3.4\spring-test-5.3.4.jar;E:\Maven\LocalWarehouse\org\xmlunit\xmlunit-core\2.7.0\xmlunit-core-2.7.0.jar;E:\Maven\LocalWarehouse\org\webjars\jquery\3.5.1\jquery-3.5.1.jar;E:\Maven\LocalWarehouse\org\springframework\boot\spring-boot-starter-thymeleaf\2.4.3\spring-boot-starter-thymeleaf-2.4.3.jar;E:\Maven\LocalWarehouse\org\thymeleaf\thymeleaf-spring5\3.0.12.RELEASE\thymeleaf-spring5-3.0.12.RELEASE.jar;E:\Maven\LocalWarehouse\org\thymeleaf\thymeleaf\3.0.12.RELEASE\thymeleaf-3.0.12.RELEASE.jar;E:\Maven\LocalWarehouse\org\attoparser\attoparser\2.0.5.RELEASE\attoparser-2.0.5.RELEASE.jar;E:\Maven\LocalWarehouse\org\unbescape\unbescape\1.1.6.RELEASE\unbescape-1.1.6.RELEASE.jar;E:\Maven\LocalWarehouse\org\thymeleaf\extras\thymeleaf-extras-java8time\3.0.4.RELEASE\thymeleaf-extras-java8time-3.0.4.RELEASE.jar;"/>
    <property name="java.vm.vendor" value="Oracle Corporation"/>
    <property name="sun.arch.data.model" value="64"/>
    <property name="user.variant" value=""/>
    <property name="java.vendor.url" value="https://java.oracle.com/"/>
    <property name="user.timezone" value="Asia/Shanghai"/>
    <property name="os.name" value="Windows 10"/>
    <property name="java.vm.specification.version" value="13"/>
    <property name="sun.java.launcher" value="SUN_STANDARD"/>
    <property name="user.country" value="CN"/>
    <property name="sun.boot.library.path" value="E:\Java\jdk13\bin"/>
    <property name="sun.java.command" value="C:\Users\10340\AppData\Local\Temp\surefire15634770533693003849\surefirebooter9538476626353106975.jar C:\Users\10340\AppData\Local\Temp\surefire15634770533693003849 2021-02-23T15-09-17_524-jvmRun1 surefire16294556213254435144tmp surefire_015559437125469832218tmp"/>
    <property name="jdk.debug" value="release"/>
    <property name="surefire.test.class.path" value="E:\Idea\workplace\springboot03\target\test-classes;E:\Idea\workplace\springboot03\target\classes;E:\Maven\LocalWarehouse\org\springframework\boot\spring-boot-starter-web\2.4.3\spring-boot-starter-web-2.4.3.jar;E:\Maven\LocalWarehouse\org\springframework\boot\spring-boot-starter\2.4.3\spring-boot-starter-2.4.3.jar;E:\Maven\LocalWarehouse\org\springframework\boot\spring-boot-starter-logging\2.4.3\spring-boot-starter-logging-2.4.3.jar;E:\Maven\LocalWarehouse\ch\qos\logback\logback-classic\1.2.3\logback-classic-1.2.3.jar;E:\Maven\LocalWarehouse\ch\qos\logback\logback-core\1.2.3\logback-core-1.2.3.jar;E:\Maven\LocalWarehouse\org\apache\logging\log4j\log4j-to-slf4j\2.13.3\log4j-to-slf4j-2.13.3.jar;E:\Maven\LocalWarehouse\org\apache\logging\log4j\log4j-api\2.13.3\log4j-api-2.13.3.jar;E:\Maven\LocalWarehouse\org\slf4j\jul-to-slf4j\1.7.30\jul-to-slf4j-1.7.30.jar;E:\Maven\LocalWarehouse\jakarta\annotation\jakarta.annotation-api\1.3.5\jakarta.annotation-api-1.3.5.jar;E:\Maven\LocalWarehouse\org\yaml\snakeyaml\1.27\snakeyaml-1.27.jar;E:\Maven\LocalWarehouse\org\springframework\boot\spring-boot-starter-json\2.4.3\spring-boot-starter-json-2.4.3.jar;E:\Maven\LocalWarehouse\com\fasterxml\jackson\core\jackson-databind\2.11.4\jackson-databind-2.11.4.jar;E:\Maven\LocalWarehouse\com\fasterxml\jackson\core\jackson-annotations\2.11.4\jackson-annotations-2.11.4.jar;E:\Maven\LocalWarehouse\com\fasterxml\jackson\core\jackson-core\2.11.4\jackson-core-2.11.4.jar;E:\Maven\LocalWarehouse\com\fasterxml\jackson\datatype\jackson-datatype-jdk8\2.11.4\jackson-datatype-jdk8-2.11.4.jar;E:\Maven\LocalWarehouse\com\fasterxml\jackson\datatype\jackson-datatype-jsr310\2.11.4\jackson-datatype-jsr310-2.11.4.jar;E:\Maven\LocalWarehouse\com\fasterxml\jackson\module\jackson-module-parameter-names\2.11.4\jackson-module-parameter-names-2.11.4.jar;E:\Maven\LocalWarehouse\org\springframework\boot\spring-boot-starter-tomcat\2.4.3\spring-boot-starter-tomcat-2.4.3.jar;E:\Maven\LocalWarehouse\org\apache\tomcat\embed\tomcat-embed-core\9.0.43\tomcat-embed-core-9.0.43.jar;E:\Maven\LocalWarehouse\org\glassfish\jakarta.el\3.0.3\jakarta.el-3.0.3.jar;E:\Maven\LocalWarehouse\org\apache\tomcat\embed\tomcat-embed-websocket\9.0.43\tomcat-embed-websocket-9.0.43.jar;E:\Maven\LocalWarehouse\org\springframework\spring-web\5.3.4\spring-web-5.3.4.jar;E:\Maven\LocalWarehouse\org\springframework\spring-beans\5.3.4\spring-beans-5.3.4.jar;E:\Maven\LocalWarehouse\org\springframework\spring-webmvc\5.3.4\spring-webmvc-5.3.4.jar;E:\Maven\LocalWarehouse\org\springframework\spring-aop\5.3.4\spring-aop-5.3.4.jar;E:\Maven\LocalWarehouse\org\springframework\spring-context\5.3.4\spring-context-5.3.4.jar;E:\Maven\LocalWarehouse\org\springframework\spring-expression\5.3.4\spring-expression-5.3.4.jar;E:\Maven\LocalWarehouse\org\springframework\boot\spring-boot-devtools\2.4.3\spring-boot-devtools-2.4.3.jar;E:\Maven\LocalWarehouse\org\springframework\boot\spring-boot\2.4.3\spring-boot-2.4.3.jar;E:\Maven\LocalWarehouse\org\springframework\boot\spring-boot-autoconfigure\2.4.3\spring-boot-autoconfigure-2.4.3.jar;E:\Maven\LocalWarehouse\org\springframework\boot\spring-boot-configuration-processor\2.4.3\spring-boot-configuration-processor-2.4.3.jar;E:\Maven\LocalWarehouse\org\projectlombok\lombok\1.18.18\lombok-1.18.18.jar;E:\Maven\LocalWarehouse\org\springframework\boot\spring-boot-starter-test\2.4.3\spring-boot-starter-test-2.4.3.jar;E:\Maven\LocalWarehouse\org\springframework\boot\spring-boot-test\2.4.3\spring-boot-test-2.4.3.jar;E:\Maven\LocalWarehouse\org\springframework\boot\spring-boot-test-autoconfigure\2.4.3\spring-boot-test-autoconfigure-2.4.3.jar;E:\Maven\LocalWarehouse\com\jayway\jsonpath\json-path\2.4.0\json-path-2.4.0.jar;E:\Maven\LocalWarehouse\net\minidev\json-smart\2.3\json-smart-2.3.jar;E:\Maven\LocalWarehouse\net\minidev\accessors-smart\1.2\accessors-smart-1.2.jar;E:\Maven\LocalWarehouse\org\ow2\asm\asm\5.0.4\asm-5.0.4.jar;E:\Maven\LocalWarehouse\org\slf4j\slf4j-api\1.7.30\slf4j-api-1.7.30.jar;E:\Maven\LocalWarehouse\jakarta\xml\bind\jakarta.xml.bind-api\2.3.3\jakarta.xml.bind-api-2.3.3.jar;E:\Maven\LocalWarehouse\jakarta\activation\jakarta.activation-api\1.2.2\jakarta.activation-api-1.2.2.jar;E:\Maven\LocalWarehouse\org\assertj\assertj-core\3.18.1\assertj-core-3.18.1.jar;E:\Maven\LocalWarehouse\org\hamcrest\hamcrest\2.2\hamcrest-2.2.jar;E:\Maven\LocalWarehouse\org\junit\jupiter\junit-jupiter\5.7.1\junit-jupiter-5.7.1.jar;E:\Maven\LocalWarehouse\org\junit\jupiter\junit-jupiter-api\5.7.1\junit-jupiter-api-5.7.1.jar;E:\Maven\LocalWarehouse\org\apiguardian\apiguardian-api\1.1.0\apiguardian-api-1.1.0.jar;E:\Maven\LocalWarehouse\org\opentest4j\opentest4j\1.2.0\opentest4j-1.2.0.jar;E:\Maven\LocalWarehouse\org\junit\platform\junit-platform-commons\1.7.1\junit-platform-commons-1.7.1.jar;E:\Maven\LocalWarehouse\org\junit\jupiter\junit-jupiter-params\5.7.1\junit-jupiter-params-5.7.1.jar;E:\Maven\LocalWarehouse\org\junit\jupiter\junit-jupiter-engine\5.7.1\junit-jupiter-engine-5.7.1.jar;E:\Maven\LocalWarehouse\org\junit\platform\junit-platform-engine\1.7.1\junit-platform-engine-1.7.1.jar;E:\Maven\LocalWarehouse\org\mockito\mockito-core\3.6.28\mockito-core-3.6.28.jar;E:\Maven\LocalWarehouse\net\bytebuddy\byte-buddy\1.10.20\byte-buddy-1.10.20.jar;E:\Maven\LocalWarehouse\net\bytebuddy\byte-buddy-agent\1.10.20\byte-buddy-agent-1.10.20.jar;E:\Maven\LocalWarehouse\org\objenesis\objenesis\3.1\objenesis-3.1.jar;E:\Maven\LocalWarehouse\org\mockito\mockito-junit-jupiter\3.6.28\mockito-junit-jupiter-3.6.28.jar;E:\Maven\LocalWarehouse\org\skyscreamer\jsonassert\1.5.0\jsonassert-1.5.0.jar;E:\Maven\LocalWarehouse\com\vaadin\external\google\android-json\0.0.20131108.vaadin1\android-json-0.0.20131108.vaadin1.jar;E:\Maven\LocalWarehouse\org\springframework\spring-core\5.3.4\spring-core-5.3.4.jar;E:\Maven\LocalWarehouse\org\springframework\spring-jcl\5.3.4\spring-jcl-5.3.4.jar;E:\Maven\LocalWarehouse\org\springframework\spring-test\5.3.4\spring-test-5.3.4.jar;E:\Maven\LocalWarehouse\org\xmlunit\xmlunit-core\2.7.0\xmlunit-core-2.7.0.jar;E:\Maven\LocalWarehouse\org\webjars\jquery\3.5.1\jquery-3.5.1.jar;E:\Maven\LocalWarehouse\org\springframework\boot\spring-boot-starter-thymeleaf\2.4.3\spring-boot-starter-thymeleaf-2.4.3.jar;E:\Maven\LocalWarehouse\org\thymeleaf\thymeleaf-spring5\3.0.12.RELEASE\thymeleaf-spring5-3.0.12.RELEASE.jar;E:\Maven\LocalWarehouse\org\thymeleaf\thymeleaf\3.0.12.RELEASE\thymeleaf-3.0.12.RELEASE.jar;E:\Maven\LocalWarehouse\org\attoparser\attoparser\2.0.5.RELEASE\attoparser-2.0.5.RELEASE.jar;E:\Maven\LocalWarehouse\org\unbescape\unbescape\1.1.6.RELEASE\unbescape-1.1.6.RELEASE.jar;E:\Maven\LocalWarehouse\org\thymeleaf\extras\thymeleaf-extras-java8time\3.0.4.RELEASE\thymeleaf-extras-java8time-3.0.4.RELEASE.jar;"/>
    <property name="sun.cpu.endian" value="little"/>
    <property name="user.home" value="C:\Users\10340"/>
    <property name="user.language" value="zh"/>
    <property name="java.specification.vendor" value="Oracle Corporation"/>
    <property name="java.version.date" value="2019-10-15"/>
    <property name="java.home" value="E:\Java\jdk13"/>
    <property name="file.separator" value="\"/>
    <property name="basedir" value="E:\Idea\workplace\springboot03"/>
    <property name="java.vm.compressedOopsMode" value="32-bit"/>
    <property name="line.separator" value="&#10;"/>
    <property name="java.vm.specification.vendor" value="Oracle Corporation"/>
    <property name="java.specification.name" value="Java Platform API Specification"/>
    <property name="idea.version2020.1.1" value="true"/>
    <property name="surefire.real.class.path" value="C:\Users\10340\AppData\Local\Temp\surefire15634770533693003849\surefirebooter9538476626353106975.jar"/>
    <property name="user.script" value=""/>
    <property name="sun.management.compiler" value="HotSpot 64-Bit Tiered Compilers"/>
    <property name="java.runtime.version" value="13.0.1+9"/>
    <property name="user.name" value="10340"/>
    <property name="path.separator" value=";"/>
    <property name="os.version" value="10.0"/>
    <property name="java.runtime.name" value="Java(TM) SE Runtime Environment"/>
    <property name="file.encoding" value="GBK"/>
    <property name="java.vm.name" value="Java HotSpot(TM) 64-Bit Server VM"/>
    <property name="localRepository" value="E:\Maven\LocalWarehouse"/>
    <property name="java.vendor.url.bug" value="https://bugreport.java.com/bugreport/"/>
    <property name="java.io.tmpdir" value="C:\Users\10340\AppData\Local\Temp\"/>
    <property name="java.version" value="13.0.1"/>
    <property name="user.dir" value="E:\Idea\workplace\springboot03"/>
    <property name="os.arch" value="amd64"/>
    <property name="java.vm.specification.name" value="Java Virtual Machine Specification"/>
    <property name="sun.os.patch.level" value=""/>
    <property name="java.library.path" value="E:\Java\jdk13\bin;C:\WINDOWS\Sun\Java\bin;C:\WINDOWS\system32;C:\WINDOWS;C:\Program Files (x86)\Common Files\Intel\Shared Libraries\redist\intel64\compiler;C:\Program Files (x86)\Intel\iCLS Client\;C:\Program Files\Intel\iCLS Client\;C:\Windows\system32;C:\Windows;C:\Windows\System32\Wbem;C:\Windows\System32\WindowsPowerShell\v1.0\;C:\Program Files (x86)\Intel\Intel(R) Management Engine Components\DAL;C:\Program Files\Intel\Intel(R) Management Engine Components\DAL;C:\Program Files (x86)\Intel\Intel(R) Management Engine Components\IPT;C:\Program Files\Intel\Intel(R) Management Engine Components\IPT;C:\Program Files (x86)\NVIDIA Corporation\PhysX\Common;C:\WINDOWS\system32;C:\WINDOWS;C:\WINDOWS\System32\Wbem;C:\WINDOWS\System32\WindowsPowerShell\v1.0\;C:\WINDOWS\System32\OpenSSH\;C:\Program Files (x86)\Microsoft SQL Server\Client SDK\ODBC\110\Tools\Binn\;C:\Program Files (x86)\Microsoft SQL Server\120\Tools\Binn\;C:\Program Files (x86)\Microsoft SQL Server\120\DTS\Binn\;C:\Program Files (x86)\Microsoft SQL Server\120\Tools\Binn\ManagementStudio\;E:\Java\jdk13\bin;E:\Java\apache-tomcat-9.0.37\bin;C:\ProgramData\chocolatey\bin;E:\Rational Rose\install\common;E:\wamp64\bin\php\php7.3.12;C:\ProgramData\ComposerSetup\bin;E:\Maven\apache-maven-3.6.3\bin;E:\Xseries\NetSarang\Xshell 7\;E:\Xseries\NetSarang\Xftp 7\;E:\Nodejs\node_modules;E:\Nodejs;E:\Nodejs\node_global;E:\Git\Git\cmd;C:\Users\10340\AppData\Local\Microsoft\WindowsApps;E:\Java\jdk13\bin;C:\Users\10340\AppData\Roaming\Composer\vendor\bin;E:\Idea\install\IntelliJ IDEA 2020.1.1\bin;;E:\Nodejs\node_global;;E:\WebStorm\installer\WebStorm 2020.3.1\bin;;E:\VSCode\installer\Microsoft VS Code\bin;."/>
    <property name="java.vm.info" value="mixed mode, sharing"/>
    <property name="java.vendor" value="Oracle Corporation"/>
    <property name="java.vm.version" value="13.0.1+9"/>
    <property name="sun.io.unicode.encoding" value="UnicodeLittle"/>
    <property name="maven.repo.local" value="E:\Maven\LocalWarehouse"/>
    <property name="java.class.version" value="57.0"/>
  </properties>
  <testcase name="contextLoads" classname="com.hxc.springboot03.Springboot03ApplicationTests" time="0.395"/>
</testsuite>